[2026-03-12T09:52:24.093+0000] {manager.py:469} INFO - Processing files using up to 2 processes at a time 
[2026-03-12T09:52:24.097+0000] {manager.py:470} INFO - Process each file at most once every 30 seconds
[2026-03-12T09:52:24.101+0000] {manager.py:471} INFO - Checking for new files in /opt/airflow/dags every 300 seconds
[2026-03-12T09:52:24.105+0000] {manager.py:738} INFO - Searching for files in /opt/airflow/dags
[2026-03-12T09:52:24.132+0000] {manager.py:741} INFO - There are 0 files in /opt/airflow/dags
[2026-03-12T09:57:25.004+0000] {manager.py:738} INFO - Searching for files in /opt/airflow/dags
[2026-03-12T09:57:25.018+0000] {manager.py:741} INFO - There are 0 files in /opt/airflow/dags
[2026-03-12T10:02:25.845+0000] {manager.py:738} INFO - Searching for files in /opt/airflow/dags
[2026-03-12T10:02:25.862+0000] {manager.py:741} INFO - There are 0 files in /opt/airflow/dags
[2026-03-12T10:07:26.308+0000] {manager.py:738} INFO - Searching for files in /opt/airflow/dags
[2026-03-12T10:07:26.316+0000] {manager.py:741} INFO - There are 0 files in /opt/airflow/dags
[2026-03-12T10:12:26.410+0000] {manager.py:738} INFO - Searching for files in /opt/airflow/dags
[2026-03-12T10:12:26.418+0000] {manager.py:741} INFO - There are 0 files in /opt/airflow/dags
[2026-03-12T11:35:06.137+0000] {manager.py:469} INFO - Processing files using up to 2 processes at a time 
[2026-03-12T11:35:06.142+0000] {manager.py:470} INFO - Process each file at most once every 30 seconds
[2026-03-12T11:35:06.145+0000] {manager.py:471} INFO - Checking for new files in /opt/airflow/dags every 300 seconds
[2026-03-12T11:35:06.148+0000] {manager.py:738} INFO - Searching for files in /opt/airflow/dags
[2026-03-12T11:35:06.226+0000] {manager.py:741} INFO - There are 1 files in /opt/airflow/dags
[2026-03-12T11:35:06.984+0000] {manager.py:879} INFO - 
================================================================================
DAG File Processing Stats

File Path                             PID  Runtime      # DAGs    # Errors  Last Runtime    Last Run
----------------------------------  -----  ---------  --------  ----------  --------------  ----------
/opt/airflow/dags/loadtransform.py    190  0.59s             0           0
================================================================================
[2026-03-12T11:35:39.721+0000] {manager.py:879} INFO - 
================================================================================
DAG File Processing Stats

File Path                           PID    Runtime      # DAGs    # Errors  Last Runtime    Last Run
----------------------------------  -----  ---------  --------  ----------  --------------  -------------------
/opt/airflow/dags/loadtransform.py                           1           0  0.29s           2026-03-12T11:35:37
================================================================================
[2026-03-12T11:36:13.446+0000] {manager.py:879} INFO - 
================================================================================
DAG File Processing Stats

File Path                           PID    Runtime      # DAGs    # Errors  Last Runtime    Last Run
----------------------------------  -----  ---------  --------  ----------  --------------  -------------------
/opt/airflow/dags/loadtransform.py                           1           0  0.15s           2026-03-12T11:36:08
================================================================================
[2026-03-12T11:36:46.285+0000] {manager.py:879} INFO - 
================================================================================
DAG File Processing Stats

File Path                           PID    Runtime      # DAGs    # Errors  Last Runtime    Last Run
----------------------------------  -----  ---------  --------  ----------  --------------  -------------------
/opt/airflow/dags/loadtransform.py                           1           0  0.16s           2026-03-12T11:36:39
================================================================================
[2026-03-12T11:37:22.064+0000] {manager.py:879} INFO - 
================================================================================
DAG File Processing Stats

File Path                           PID    Runtime      # DAGs    # Errors  Last Runtime    Last Run
----------------------------------  -----  ---------  --------  ----------  --------------  -------------------
/opt/airflow/dags/loadtransform.py                           1           0  0.22s           2026-03-12T11:37:12
================================================================================
[2026-03-12T11:37:52.490+0000] {manager.py:879} INFO - 
================================================================================
DAG File Processing Stats

File Path                           PID    Runtime      # DAGs    # Errors  Last Runtime    Last Run
----------------------------------  -----  ---------  --------  ----------  --------------  -------------------
/opt/airflow/dags/loadtransform.py                           1           0  0.18s           2026-03-12T11:37:42
================================================================================
[2026-03-12T11:38:25.674+0000] {manager.py:879} INFO - 
================================================================================
DAG File Processing Stats

File Path                           PID    Runtime      # DAGs    # Errors  Last Runtime    Last Run
----------------------------------  -----  ---------  --------  ----------  --------------  -------------------
/opt/airflow/dags/loadtransform.py                           1           0  0.18s           2026-03-12T11:38:12
================================================================================
[2026-03-12T11:38:58.713+0000] {manager.py:879} INFO - 
================================================================================
DAG File Processing Stats

File Path                           PID    Runtime      # DAGs    # Errors  Last Runtime    Last Run
----------------------------------  -----  ---------  --------  ----------  --------------  -------------------
/opt/airflow/dags/loadtransform.py                           1           0  0.19s           2026-03-12T11:38:43
================================================================================
[2026-03-12T11:39:31.822+0000] {manager.py:879} INFO - 
================================================================================
DAG File Processing Stats

File Path                           PID    Runtime      # DAGs    # Errors  Last Runtime    Last Run
----------------------------------  -----  ---------  --------  ----------  --------------  -------------------
/opt/airflow/dags/loadtransform.py                           1           0  0.18s           2026-03-12T11:39:16
================================================================================
[2026-03-12T11:40:04.965+0000] {manager.py:879} INFO - 
================================================================================
DAG File Processing Stats

File Path                           PID    Runtime      # DAGs    # Errors  Last Runtime    Last Run
----------------------------------  -----  ---------  --------  ----------  --------------  -------------------
/opt/airflow/dags/loadtransform.py                           1           0  0.20s           2026-03-12T11:39:48
================================================================================
[2026-03-12T11:40:06.984+0000] {manager.py:738} INFO - Searching for files in /opt/airflow/dags
[2026-03-12T11:40:07.061+0000] {manager.py:741} INFO - There are 1 files in /opt/airflow/dags
[2026-03-12T11:40:38.141+0000] {manager.py:879} INFO - 
================================================================================
DAG File Processing Stats

File Path                           PID    Runtime      # DAGs    # Errors  Last Runtime    Last Run
----------------------------------  -----  ---------  --------  ----------  --------------  -------------------
/opt/airflow/dags/loadtransform.py                           1           0  0.20s           2026-03-12T11:40:22
================================================================================
[2026-03-12T11:41:10.886+0000] {manager.py:879} INFO - 
================================================================================
DAG File Processing Stats

File Path                           PID    Runtime      # DAGs    # Errors  Last Runtime    Last Run
----------------------------------  -----  ---------  --------  ----------  --------------  -------------------
/opt/airflow/dags/loadtransform.py                           1           0  0.21s           2026-03-12T11:40:54
================================================================================
[2026-03-12T11:41:44.298+0000] {manager.py:879} INFO - 
================================================================================
DAG File Processing Stats

File Path                           PID    Runtime      # DAGs    # Errors  Last Runtime    Last Run
----------------------------------  -----  ---------  --------  ----------  --------------  -------------------
/opt/airflow/dags/loadtransform.py                           1           0  0.16s           2026-03-12T11:41:27
================================================================================
[2026-03-12T11:42:17.542+0000] {manager.py:879} INFO - 
================================================================================
DAG File Processing Stats

File Path                           PID    Runtime      # DAGs    # Errors  Last Runtime    Last Run
----------------------------------  -----  ---------  --------  ----------  --------------  -------------------
/opt/airflow/dags/loadtransform.py                           1           0  0.21s           2026-03-12T11:42:00
================================================================================
[2026-03-12T11:42:50.485+0000] {manager.py:879} INFO - 
================================================================================
DAG File Processing Stats

File Path                           PID    Runtime      # DAGs    # Errors  Last Runtime    Last Run
----------------------------------  -----  ---------  --------  ----------  --------------  -------------------
/opt/airflow/dags/loadtransform.py                           1           0  0.17s           2026-03-12T11:42:32
================================================================================
[2026-03-12T11:43:20.794+0000] {manager.py:879} INFO - 
================================================================================
DAG File Processing Stats

File Path                           PID    Runtime      # DAGs    # Errors  Last Runtime    Last Run
----------------------------------  -----  ---------  --------  ----------  --------------  -------------------
/opt/airflow/dags/loadtransform.py                           1           0  0.21s           2026-03-12T11:43:02
================================================================================
[2026-03-12T11:43:54.981+0000] {manager.py:879} INFO - 
================================================================================
DAG File Processing Stats

File Path                           PID    Runtime      # DAGs    # Errors  Last Runtime    Last Run
----------------------------------  -----  ---------  --------  ----------  --------------  -------------------
/opt/airflow/dags/loadtransform.py                           1           0  0.23s           2026-03-12T11:43:35
================================================================================
[2026-03-12T11:44:26.665+0000] {manager.py:879} INFO - 
================================================================================
DAG File Processing Stats

File Path                           PID    Runtime      # DAGs    # Errors  Last Runtime    Last Run
----------------------------------  -----  ---------  --------  ----------  --------------  -------------------
/opt/airflow/dags/loadtransform.py                           1           0  0.19s           2026-03-12T11:44:07
================================================================================
[2026-03-12T11:44:59.645+0000] {manager.py:879} INFO - 
================================================================================
DAG File Processing Stats

File Path                           PID    Runtime      # DAGs    # Errors  Last Runtime    Last Run
----------------------------------  -----  ---------  --------  ----------  --------------  -------------------
/opt/airflow/dags/loadtransform.py                           1           0  0.18s           2026-03-12T11:44:40
================================================================================
[2026-03-12T11:45:07.715+0000] {manager.py:738} INFO - Searching for files in /opt/airflow/dags
[2026-03-12T11:45:07.757+0000] {manager.py:741} INFO - There are 1 files in /opt/airflow/dags
[2026-03-12T11:45:32.381+0000] {manager.py:879} INFO - 
================================================================================
DAG File Processing Stats

File Path                           PID    Runtime      # DAGs    # Errors  Last Runtime    Last Run
----------------------------------  -----  ---------  --------  ----------  --------------  -------------------
/opt/airflow/dags/loadtransform.py                           1           0  0.19s           2026-03-12T11:45:13
================================================================================
[2026-03-12T11:46:05.732+0000] {manager.py:879} INFO - 
================================================================================
DAG File Processing Stats

File Path                           PID    Runtime      # DAGs    # Errors  Last Runtime    Last Run
----------------------------------  -----  ---------  --------  ----------  --------------  -------------------
/opt/airflow/dags/loadtransform.py                           1           0  0.20s           2026-03-12T11:45:45
================================================================================
[2026-03-12T11:46:38.558+0000] {manager.py:879} INFO - 
================================================================================
DAG File Processing Stats

File Path                           PID    Runtime      # DAGs    # Errors  Last Runtime    Last Run
----------------------------------  -----  ---------  --------  ----------  --------------  -------------------
/opt/airflow/dags/loadtransform.py                           1           0  0.17s           2026-03-12T11:46:18
================================================================================
[2026-03-12T11:47:11.563+0000] {manager.py:879} INFO - 
================================================================================
DAG File Processing Stats

File Path                           PID    Runtime      # DAGs    # Errors  Last Runtime    Last Run
----------------------------------  -----  ---------  --------  ----------  --------------  -------------------
/opt/airflow/dags/loadtransform.py                           1           0  0.18s           2026-03-12T11:46:51
================================================================================
[2026-03-12T11:47:44.705+0000] {manager.py:879} INFO - 
================================================================================
DAG File Processing Stats

File Path                           PID    Runtime      # DAGs    # Errors  Last Runtime    Last Run
----------------------------------  -----  ---------  --------  ----------  --------------  -------------------
/opt/airflow/dags/loadtransform.py                           1           0  0.20s           2026-03-12T11:47:24
================================================================================
[2026-03-12T11:48:17.822+0000] {manager.py:879} INFO - 
================================================================================
DAG File Processing Stats

File Path                           PID    Runtime      # DAGs    # Errors  Last Runtime    Last Run
----------------------------------  -----  ---------  --------  ----------  --------------  -------------------
/opt/airflow/dags/loadtransform.py                           1           0  0.17s           2026-03-12T11:47:56
================================================================================
[2026-03-12T11:48:51.035+0000] {manager.py:879} INFO - 
================================================================================
DAG File Processing Stats

File Path                           PID    Runtime      # DAGs    # Errors  Last Runtime    Last Run
----------------------------------  -----  ---------  --------  ----------  --------------  -------------------
/opt/airflow/dags/loadtransform.py                           1           0  0.18s           2026-03-12T11:48:29
================================================================================
[2026-03-12T11:49:25.159+0000] {manager.py:879} INFO - 
================================================================================
DAG File Processing Stats

File Path                           PID    Runtime      # DAGs    # Errors  Last Runtime    Last Run
----------------------------------  -----  ---------  --------  ----------  --------------  -------------------
/opt/airflow/dags/loadtransform.py                           1           0  0.14s           2026-03-12T11:48:59
================================================================================
[2026-03-12T11:49:56.790+0000] {manager.py:879} INFO - 
================================================================================
DAG File Processing Stats

File Path                           PID    Runtime      # DAGs    # Errors  Last Runtime    Last Run
----------------------------------  -----  ---------  --------  ----------  --------------  -------------------
/opt/airflow/dags/loadtransform.py                           1           0  0.18s           2026-03-12T11:49:30
================================================================================
[2026-03-12T11:50:07.810+0000] {manager.py:738} INFO - Searching for files in /opt/airflow/dags
[2026-03-12T11:50:07.881+0000] {manager.py:741} INFO - There are 1 files in /opt/airflow/dags
[2026-03-12T11:50:30.108+0000] {manager.py:879} INFO - 
================================================================================
DAG File Processing Stats

File Path                           PID    Runtime      # DAGs    # Errors  Last Runtime    Last Run
----------------------------------  -----  ---------  --------  ----------  --------------  -------------------
/opt/airflow/dags/loadtransform.py                           1           0  0.13s           2026-03-12T11:50:00
================================================================================
[2026-03-12T11:51:03.263+0000] {manager.py:879} INFO - 
================================================================================
DAG File Processing Stats

File Path                           PID    Runtime      # DAGs    # Errors  Last Runtime    Last Run
----------------------------------  -----  ---------  --------  ----------  --------------  -------------------
/opt/airflow/dags/loadtransform.py                           1           0  0.18s           2026-03-12T11:51:02
================================================================================
[2026-03-12T11:51:35.989+0000] {manager.py:879} INFO - 
================================================================================
DAG File Processing Stats

File Path                           PID    Runtime      # DAGs    # Errors  Last Runtime    Last Run
----------------------------------  -----  ---------  --------  ----------  --------------  -------------------
/opt/airflow/dags/loadtransform.py                           1           0  0.17s           2026-03-12T11:51:33
================================================================================
[2026-03-12T11:52:06.395+0000] {manager.py:879} INFO - 
================================================================================
DAG File Processing Stats

File Path                           PID    Runtime      # DAGs    # Errors  Last Runtime    Last Run
----------------------------------  -----  ---------  --------  ----------  --------------  -------------------
/opt/airflow/dags/loadtransform.py                           1           0  0.17s           2026-03-12T11:52:03
================================================================================
[2026-03-12T11:52:41.661+0000] {manager.py:879} INFO - 
================================================================================
DAG File Processing Stats

File Path                           PID    Runtime      # DAGs    # Errors  Last Runtime    Last Run
----------------------------------  -----  ---------  --------  ----------  --------------  -------------------
/opt/airflow/dags/loadtransform.py                           1           0  0.19s           2026-03-12T11:52:33
================================================================================
[2026-03-12T11:53:13.799+0000] {manager.py:879} INFO - 
================================================================================
DAG File Processing Stats

File Path                           PID    Runtime      # DAGs    # Errors  Last Runtime    Last Run
----------------------------------  -----  ---------  --------  ----------  --------------  -------------------
/opt/airflow/dags/loadtransform.py                           1           0  0.22s           2026-03-12T11:53:04
================================================================================
[2026-03-12T11:53:46.772+0000] {manager.py:879} INFO - 
================================================================================
DAG File Processing Stats

File Path                           PID    Runtime      # DAGs    # Errors  Last Runtime    Last Run
----------------------------------  -----  ---------  --------  ----------  --------------  -------------------
/opt/airflow/dags/loadtransform.py                           1           0  0.21s           2026-03-12T11:53:35
================================================================================
[2026-03-12T11:54:20.047+0000] {manager.py:879} INFO - 
================================================================================
DAG File Processing Stats

File Path                           PID    Runtime      # DAGs    # Errors  Last Runtime    Last Run
----------------------------------  -----  ---------  --------  ----------  --------------  -------------------
/opt/airflow/dags/loadtransform.py                           1           0  0.20s           2026-03-12T11:54:06
================================================================================
[2026-03-12T11:55:07.854+0000] {manager.py:738} INFO - Searching for files in /opt/airflow/dags
[2026-03-12T11:55:07.945+0000] {manager.py:741} INFO - There are 1 files in /opt/airflow/dags
[2026-03-12T11:55:10.737+0000] {manager.py:879} INFO - 
================================================================================
DAG File Processing Stats

File Path                           PID    Runtime      # DAGs    # Errors  Last Runtime    Last Run
----------------------------------  -----  ---------  --------  ----------  --------------  -------------------
/opt/airflow/dags/loadtransform.py                           1           0  0.18s           2026-03-12T11:54:45
================================================================================
[2026-03-12T11:55:41.039+0000] {manager.py:879} INFO - 
================================================================================
DAG File Processing Stats

File Path                           PID    Runtime      # DAGs    # Errors  Last Runtime    Last Run
----------------------------------  -----  ---------  --------  ----------  --------------  -------------------
/opt/airflow/dags/loadtransform.py                           1           0  0.17s           2026-03-12T11:55:15
================================================================================
[2026-03-12T11:56:09.870+0000] {manager.py:879} INFO - 
================================================================================
DAG File Processing Stats

File Path                           PID    Runtime      # DAGs    # Errors  Last Runtime    Last Run
----------------------------------  -----  ---------  --------  ----------  --------------  -------------------
/opt/airflow/dags/loadtransform.py                           1           0  0.19s           2026-03-12T11:55:46
================================================================================
[2026-03-12T11:56:41.406+0000] {manager.py:879} INFO - 
================================================================================
DAG File Processing Stats

File Path                           PID    Runtime      # DAGs    # Errors  Last Runtime    Last Run
----------------------------------  -----  ---------  --------  ----------  --------------  -------------------
/opt/airflow/dags/loadtransform.py                           1           0  0.22s           2026-03-12T11:56:17
================================================================================
[2026-03-12T11:57:15.092+0000] {manager.py:879} INFO - 
================================================================================
DAG File Processing Stats

File Path                           PID    Runtime      # DAGs    # Errors  Last Runtime    Last Run
----------------------------------  -----  ---------  --------  ----------  --------------  -------------------
/opt/airflow/dags/loadtransform.py                           1           0  0.19s           2026-03-12T11:56:47
================================================================================
[2026-03-12T11:57:45.346+0000] {manager.py:879} INFO - 
================================================================================
DAG File Processing Stats

File Path                           PID    Runtime      # DAGs    # Errors  Last Runtime    Last Run
----------------------------------  -----  ---------  --------  ----------  --------------  -------------------
/opt/airflow/dags/loadtransform.py                           1           0  0.18s           2026-03-12T11:57:18
================================================================================
[2026-03-12T11:58:20.333+0000] {manager.py:879} INFO - 
================================================================================
DAG File Processing Stats

File Path                           PID    Runtime      # DAGs    # Errors  Last Runtime    Last Run
----------------------------------  -----  ---------  --------  ----------  --------------  -------------------
/opt/airflow/dags/loadtransform.py                           1           0  0.30s           2026-03-12T11:58:01
================================================================================
[2026-03-12T11:58:53.306+0000] {manager.py:879} INFO - 
================================================================================
DAG File Processing Stats

File Path                           PID    Runtime      # DAGs    # Errors  Last Runtime    Last Run
----------------------------------  -----  ---------  --------  ----------  --------------  -------------------
/opt/airflow/dags/loadtransform.py                           1           0  0.17s           2026-03-12T11:58:32
================================================================================
[2026-03-12T11:59:25.786+0000] {manager.py:879} INFO - 
================================================================================
DAG File Processing Stats

File Path                           PID    Runtime      # DAGs    # Errors  Last Runtime    Last Run
----------------------------------  -----  ---------  --------  ----------  --------------  -------------------
/opt/airflow/dags/loadtransform.py                           1           0  0.19s           2026-03-12T11:59:03
================================================================================
[2026-03-12T11:59:59.090+0000] {manager.py:879} INFO - 
================================================================================
DAG File Processing Stats

File Path                           PID    Runtime      # DAGs    # Errors  Last Runtime    Last Run
----------------------------------  -----  ---------  --------  ----------  --------------  -------------------
/opt/airflow/dags/loadtransform.py                           1           0  0.16s           2026-03-12T11:59:51
================================================================================
[2026-03-12T12:00:08.168+0000] {manager.py:738} INFO - Searching for files in /opt/airflow/dags
[2026-03-12T12:00:08.207+0000] {manager.py:741} INFO - There are 1 files in /opt/airflow/dags
[2026-03-12T12:00:32.178+0000] {manager.py:879} INFO - 
================================================================================
DAG File Processing Stats

File Path                           PID    Runtime      # DAGs    # Errors  Last Runtime    Last Run
----------------------------------  -----  ---------  --------  ----------  --------------  -------------------
/opt/airflow/dags/loadtransform.py                           1           0  0.19s           2026-03-12T12:00:22
================================================================================
[2026-03-12T12:01:05.233+0000] {manager.py:879} INFO - 
================================================================================
DAG File Processing Stats

File Path                           PID    Runtime      # DAGs    # Errors  Last Runtime    Last Run
----------------------------------  -----  ---------  --------  ----------  --------------  -------------------
/opt/airflow/dags/loadtransform.py                           1           0  0.16s           2026-03-12T12:00:53
================================================================================
[2026-03-12T12:01:38.334+0000] {manager.py:879} INFO - 
================================================================================
DAG File Processing Stats

File Path                           PID    Runtime      # DAGs    # Errors  Last Runtime    Last Run
----------------------------------  -----  ---------  --------  ----------  --------------  -------------------
/opt/airflow/dags/loadtransform.py                           1           0  0.16s           2026-03-12T12:01:24
================================================================================
[2026-03-12T12:02:11.457+0000] {manager.py:879} INFO - 
================================================================================
DAG File Processing Stats

File Path                           PID    Runtime      # DAGs    # Errors  Last Runtime    Last Run
----------------------------------  -----  ---------  --------  ----------  --------------  -------------------
/opt/airflow/dags/loadtransform.py                           1           0  0.19s           2026-03-12T12:01:54
================================================================================
[2026-03-12T12:02:41.617+0000] {manager.py:879} INFO - 
================================================================================
DAG File Processing Stats

File Path                           PID    Runtime      # DAGs    # Errors  Last Runtime    Last Run
----------------------------------  -----  ---------  --------  ----------  --------------  -------------------
/opt/airflow/dags/loadtransform.py                           1           0  0.17s           2026-03-12T12:02:25
================================================================================
[2026-03-12T12:03:17.318+0000] {manager.py:879} INFO - 
================================================================================
DAG File Processing Stats

File Path                           PID    Runtime      # DAGs    # Errors  Last Runtime    Last Run
----------------------------------  -----  ---------  --------  ----------  --------------  -------------------
/opt/airflow/dags/loadtransform.py                           1           0  0.18s           2026-03-12T12:02:58
================================================================================
[2026-03-12T12:03:50.563+0000] {manager.py:879} INFO - 
================================================================================
DAG File Processing Stats

File Path                           PID    Runtime      # DAGs    # Errors  Last Runtime    Last Run
----------------------------------  -----  ---------  --------  ----------  --------------  -------------------
/opt/airflow/dags/loadtransform.py                           1           0  0.18s           2026-03-12T12:03:28
================================================================================
[2026-03-12T12:04:23.485+0000] {manager.py:879} INFO - 
================================================================================
DAG File Processing Stats

File Path                           PID    Runtime      # DAGs    # Errors  Last Runtime    Last Run
----------------------------------  -----  ---------  --------  ----------  --------------  -------------------
/opt/airflow/dags/loadtransform.py                           1           0  0.19s           2026-03-12T12:03:58
================================================================================
[2026-03-12T12:04:56.716+0000] {manager.py:879} INFO - 
================================================================================
DAG File Processing Stats

File Path                           PID    Runtime      # DAGs    # Errors  Last Runtime    Last Run
----------------------------------  -----  ---------  --------  ----------  --------------  -------------------
/opt/airflow/dags/loadtransform.py                           1           0  0.23s           2026-03-12T12:04:29
================================================================================
[2026-03-12T12:05:08.918+0000] {manager.py:738} INFO - Searching for files in /opt/airflow/dags
[2026-03-12T12:05:08.954+0000] {manager.py:741} INFO - There are 1 files in /opt/airflow/dags
[2026-03-12T12:05:29.859+0000] {manager.py:879} INFO - 
================================================================================
DAG File Processing Stats

File Path                           PID    Runtime      # DAGs    # Errors  Last Runtime    Last Run
----------------------------------  -----  ---------  --------  ----------  --------------  -------------------
/opt/airflow/dags/loadtransform.py                           1           0  0.14s           2026-03-12T12:04:59
================================================================================
[2026-03-12T12:05:59.887+0000] {manager.py:879} INFO - 
================================================================================
DAG File Processing Stats

File Path                           PID    Runtime      # DAGs    # Errors  Last Runtime    Last Run
----------------------------------  -----  ---------  --------  ----------  --------------  -------------------
/opt/airflow/dags/loadtransform.py                           1           0  0.22s           2026-03-12T12:05:31
================================================================================
[2026-03-12T12:06:32.990+0000] {manager.py:879} INFO - 
================================================================================
DAG File Processing Stats

File Path                             PID  Runtime      # DAGs    # Errors  Last Runtime    Last Run
----------------------------------  -----  ---------  --------  ----------  --------------  -------------------
/opt/airflow/dags/loadtransform.py    532  0.01s             1           0  0.17s           2026-03-12T12:06:02
================================================================================
[2026-03-12T12:07:08.761+0000] {manager.py:879} INFO - 
================================================================================
DAG File Processing Stats

File Path                           PID    Runtime      # DAGs    # Errors  Last Runtime    Last Run
----------------------------------  -----  ---------  --------  ----------  --------------  -------------------
/opt/airflow/dags/loadtransform.py                           1           0  0.23s           2026-03-12T12:07:03
================================================================================
[2026-03-12T12:07:38.757+0000] {manager.py:879} INFO - 
================================================================================
DAG File Processing Stats

File Path                           PID    Runtime      # DAGs    # Errors  Last Runtime    Last Run
----------------------------------  -----  ---------  --------  ----------  --------------  -------------------
/opt/airflow/dags/loadtransform.py                           1           0  0.15s           2026-03-12T12:07:34
================================================================================
[2026-03-12T12:08:09.169+0000] {manager.py:879} INFO - 
================================================================================
DAG File Processing Stats

File Path                           PID    Runtime      # DAGs    # Errors  Last Runtime    Last Run
----------------------------------  -----  ---------  --------  ----------  --------------  -------------------
/opt/airflow/dags/loadtransform.py                           1           0  0.17s           2026-03-12T12:08:05
================================================================================
[2026-03-12T12:08:43.098+0000] {manager.py:879} INFO - 
================================================================================
DAG File Processing Stats

File Path                           PID    Runtime      # DAGs    # Errors  Last Runtime    Last Run
----------------------------------  -----  ---------  --------  ----------  --------------  -------------------
/opt/airflow/dags/loadtransform.py                           1           0  0.24s           2026-03-12T12:08:36
================================================================================
[2026-03-12T12:09:15.612+0000] {manager.py:879} INFO - 
================================================================================
DAG File Processing Stats

File Path                           PID    Runtime      # DAGs    # Errors  Last Runtime    Last Run
----------------------------------  -----  ---------  --------  ----------  --------------  -------------------
/opt/airflow/dags/loadtransform.py                           1           0  0.14s           2026-03-12T12:09:08
================================================================================
[2026-03-12T12:09:48.881+0000] {manager.py:879} INFO - 
================================================================================
DAG File Processing Stats

File Path                           PID    Runtime      # DAGs    # Errors  Last Runtime    Last Run
----------------------------------  -----  ---------  --------  ----------  --------------  -------------------
/opt/airflow/dags/loadtransform.py                           1           0  0.19s           2026-03-12T12:09:41
================================================================================
[2026-03-12T12:10:09.051+0000] {manager.py:738} INFO - Searching for files in /opt/airflow/dags
[2026-03-12T12:10:09.113+0000] {manager.py:741} INFO - There are 1 files in /opt/airflow/dags
[2026-03-12T12:10:18.673+0000] {manager.py:879} INFO - 
================================================================================
DAG File Processing Stats

File Path                           PID    Runtime      # DAGs    # Errors  Last Runtime    Last Run
----------------------------------  -----  ---------  --------  ----------  --------------  -------------------
/opt/airflow/dags/loadtransform.py                           1           0  0.16s           2026-03-12T12:10:12
================================================================================
[2026-03-12T12:10:50.525+0000] {manager.py:879} INFO - 
================================================================================
DAG File Processing Stats

File Path                           PID    Runtime      # DAGs    # Errors  Last Runtime    Last Run
----------------------------------  -----  ---------  --------  ----------  --------------  -------------------
/opt/airflow/dags/loadtransform.py                           1           0  0.17s           2026-03-12T12:10:43
================================================================================
[2026-03-12T12:11:23.899+0000] {manager.py:879} INFO - 
================================================================================
DAG File Processing Stats

File Path                           PID    Runtime      # DAGs    # Errors  Last Runtime    Last Run
----------------------------------  -----  ---------  --------  ----------  --------------  -------------------
/opt/airflow/dags/loadtransform.py                           1           0  0.20s           2026-03-12T12:11:13
================================================================================
[2026-03-12T12:11:51.311+0000] {manager.py:879} INFO - 
================================================================================
DAG File Processing Stats

File Path                           PID    Runtime      # DAGs    # Errors  Last Runtime    Last Run
----------------------------------  -----  ---------  --------  ----------  --------------  -------------------
/opt/airflow/dags/loadtransform.py                           1           0  0.22s           2026-03-12T12:11:44
================================================================================
[2026-03-12T12:12:24.589+0000] {manager.py:879} INFO - 
================================================================================
DAG File Processing Stats

File Path                           PID    Runtime      # DAGs    # Errors  Last Runtime    Last Run
----------------------------------  -----  ---------  --------  ----------  --------------  -------------------
/opt/airflow/dags/loadtransform.py                           1           0  0.22s           2026-03-12T12:12:15
================================================================================
[2026-03-12T12:12:55.239+0000] {manager.py:879} INFO - 
================================================================================
DAG File Processing Stats

File Path                           PID    Runtime      # DAGs    # Errors  Last Runtime    Last Run
----------------------------------  -----  ---------  --------  ----------  --------------  -------------------
/opt/airflow/dags/loadtransform.py                           1           0  0.26s           2026-03-12T12:12:46
================================================================================
[2026-03-12T12:13:26.924+0000] {manager.py:879} INFO - 
================================================================================
DAG File Processing Stats

File Path                           PID    Runtime      # DAGs    # Errors  Last Runtime    Last Run
----------------------------------  -----  ---------  --------  ----------  --------------  -------------------
/opt/airflow/dags/loadtransform.py                           1           0  0.32s           2026-03-12T12:13:17
================================================================================
[2026-03-12T12:14:00.151+0000] {manager.py:879} INFO - 
================================================================================
DAG File Processing Stats

File Path                           PID    Runtime      # DAGs    # Errors  Last Runtime    Last Run
----------------------------------  -----  ---------  --------  ----------  --------------  -------------------
/opt/airflow/dags/loadtransform.py                           1           0  0.30s           2026-03-12T12:13:50
================================================================================
[2026-03-12T12:14:32.974+0000] {manager.py:879} INFO - 
================================================================================
DAG File Processing Stats

File Path                           PID    Runtime      # DAGs    # Errors  Last Runtime    Last Run
----------------------------------  -----  ---------  --------  ----------  --------------  -------------------
/opt/airflow/dags/loadtransform.py                           1           0  0.18s           2026-03-12T12:14:22
================================================================================
[2026-03-12T12:15:06.298+0000] {manager.py:879} INFO - 
================================================================================
DAG File Processing Stats

File Path                           PID    Runtime      # DAGs    # Errors  Last Runtime    Last Run
----------------------------------  -----  ---------  --------  ----------  --------------  -------------------
/opt/airflow/dags/loadtransform.py                           1           0  0.24s           2026-03-12T12:14:55
================================================================================
[2026-03-12T12:15:09.322+0000] {manager.py:738} INFO - Searching for files in /opt/airflow/dags
[2026-03-12T12:15:09.393+0000] {manager.py:741} INFO - There are 1 files in /opt/airflow/dags
[2026-03-12T12:15:36.136+0000] {manager.py:879} INFO - 
================================================================================
DAG File Processing Stats

File Path                           PID    Runtime      # DAGs    # Errors  Last Runtime    Last Run
----------------------------------  -----  ---------  --------  ----------  --------------  -------------------
/opt/airflow/dags/loadtransform.py                           1           0  0.25s           2026-03-12T12:15:26
================================================================================
[2026-03-12T12:16:07.913+0000] {manager.py:879} INFO - 
================================================================================
DAG File Processing Stats

File Path                           PID    Runtime      # DAGs    # Errors  Last Runtime    Last Run
----------------------------------  -----  ---------  --------  ----------  --------------  -------------------
/opt/airflow/dags/loadtransform.py                           1           0  0.22s           2026-03-12T12:15:56
================================================================================
[2026-03-12T12:16:41.517+0000] {manager.py:879} INFO - 
================================================================================
DAG File Processing Stats

File Path                           PID    Runtime      # DAGs    # Errors  Last Runtime    Last Run
----------------------------------  -----  ---------  --------  ----------  --------------  -------------------
/opt/airflow/dags/loadtransform.py                           1           0  0.19s           2026-03-12T12:16:27
================================================================================
[2026-03-12T12:17:12.816+0000] {manager.py:879} INFO - 
================================================================================
DAG File Processing Stats

File Path                           PID    Runtime      # DAGs    # Errors  Last Runtime    Last Run
----------------------------------  -----  ---------  --------  ----------  --------------  -------------------
/opt/airflow/dags/loadtransform.py                           1           0  0.16s           2026-03-12T12:16:57
================================================================================
[2026-03-12T12:17:45.522+0000] {manager.py:879} INFO - 
================================================================================
DAG File Processing Stats

File Path                           PID    Runtime      # DAGs    # Errors  Last Runtime    Last Run
----------------------------------  -----  ---------  --------  ----------  --------------  -------------------
/opt/airflow/dags/loadtransform.py                           1           0  0.18s           2026-03-12T12:17:28
================================================================================
[2026-03-12T12:18:18.342+0000] {manager.py:879} INFO - 
================================================================================
DAG File Processing Stats

File Path                           PID    Runtime      # DAGs    # Errors  Last Runtime    Last Run
----------------------------------  -----  ---------  --------  ----------  --------------  -------------------
/opt/airflow/dags/loadtransform.py                           1           0  0.17s           2026-03-12T12:17:58
================================================================================
[2026-03-12T12:18:51.217+0000] {manager.py:879} INFO - 
================================================================================
DAG File Processing Stats

File Path                           PID    Runtime      # DAGs    # Errors  Last Runtime    Last Run
----------------------------------  -----  ---------  --------  ----------  --------------  -------------------
/opt/airflow/dags/loadtransform.py                           1           0  0.16s           2026-03-12T12:18:29
================================================================================
[2026-03-12T12:19:24.464+0000] {manager.py:879} INFO - 
================================================================================
DAG File Processing Stats

File Path                           PID    Runtime      # DAGs    # Errors  Last Runtime    Last Run
----------------------------------  -----  ---------  --------  ----------  --------------  -------------------
/opt/airflow/dags/loadtransform.py                           1           0  0.19s           2026-03-12T12:19:00
================================================================================
[2026-03-12T12:19:57.608+0000] {manager.py:879} INFO - 
================================================================================
DAG File Processing Stats

File Path                           PID    Runtime      # DAGs    # Errors  Last Runtime    Last Run
----------------------------------  -----  ---------  --------  ----------  --------------  -------------------
/opt/airflow/dags/loadtransform.py                           1           0  0.27s           2026-03-12T12:19:30
================================================================================
[2026-03-12T12:20:09.965+0000] {manager.py:738} INFO - Searching for files in /opt/airflow/dags
[2026-03-12T12:20:10.046+0000] {manager.py:741} INFO - There are 1 files in /opt/airflow/dags
[2026-03-12T12:20:32.177+0000] {manager.py:879} INFO - 
================================================================================
DAG File Processing Stats

File Path                             PID  Runtime      # DAGs    # Errors  Last Runtime    Last Run
----------------------------------  -----  ---------  --------  ----------  --------------  -------------------
/opt/airflow/dags/loadtransform.py    667  0.01s             1           0  0.19s           2026-03-12T12:20:01
================================================================================
[2026-03-12T12:21:03.623+0000] {manager.py:879} INFO - 
================================================================================
DAG File Processing Stats

File Path                           PID    Runtime      # DAGs    # Errors  Last Runtime    Last Run
----------------------------------  -----  ---------  --------  ----------  --------------  -------------------
/opt/airflow/dags/loadtransform.py                           1           0  0.25s           2026-03-12T12:21:02
================================================================================
[2026-03-12T12:21:36.823+0000] {manager.py:879} INFO - 
================================================================================
DAG File Processing Stats

File Path                           PID    Runtime      # DAGs    # Errors  Last Runtime    Last Run
----------------------------------  -----  ---------  --------  ----------  --------------  -------------------
/opt/airflow/dags/loadtransform.py                           1           0  0.16s           2026-03-12T12:21:32
================================================================================
[2026-03-12T12:22:06.904+0000] {manager.py:879} INFO - 
================================================================================
DAG File Processing Stats

File Path                           PID    Runtime      # DAGs    # Errors  Last Runtime    Last Run
----------------------------------  -----  ---------  --------  ----------  --------------  -------------------
/opt/airflow/dags/loadtransform.py                           1           0  0.32s           2026-03-12T12:22:04
================================================================================
[2026-03-12T12:22:40.431+0000] {manager.py:879} INFO - 
================================================================================
DAG File Processing Stats

File Path                           PID    Runtime      # DAGs    # Errors  Last Runtime    Last Run
----------------------------------  -----  ---------  --------  ----------  --------------  -------------------
/opt/airflow/dags/loadtransform.py                           1           0  0.21s           2026-03-12T12:22:34
================================================================================
[2026-03-12T12:23:11.034+0000] {manager.py:879} INFO - 
================================================================================
DAG File Processing Stats

File Path                           PID    Runtime      # DAGs    # Errors  Last Runtime    Last Run
----------------------------------  -----  ---------  --------  ----------  --------------  -------------------
/opt/airflow/dags/loadtransform.py                           1           0  0.17s           2026-03-12T12:23:05
================================================================================
[2026-03-12T12:23:43.765+0000] {manager.py:879} INFO - 
================================================================================
DAG File Processing Stats

File Path                           PID    Runtime      # DAGs    # Errors  Last Runtime    Last Run
----------------------------------  -----  ---------  --------  ----------  --------------  -------------------
/opt/airflow/dags/loadtransform.py                           1           0  0.20s           2026-03-12T12:23:35
================================================================================
[2026-03-12T12:24:17.297+0000] {manager.py:879} INFO - 
================================================================================
DAG File Processing Stats

File Path                           PID    Runtime      # DAGs    # Errors  Last Runtime    Last Run
----------------------------------  -----  ---------  --------  ----------  --------------  -------------------
/opt/airflow/dags/loadtransform.py                           1           0  0.19s           2026-03-12T12:24:06
================================================================================
[2026-03-12T12:24:47.424+0000] {manager.py:879} INFO - 
================================================================================
DAG File Processing Stats

File Path                           PID    Runtime      # DAGs    # Errors  Last Runtime    Last Run
----------------------------------  -----  ---------  --------  ----------  --------------  -------------------
/opt/airflow/dags/loadtransform.py                           1           0  0.18s           2026-03-12T12:24:37
================================================================================
[2026-03-12T12:25:10.026+0000] {manager.py:738} INFO - Searching for files in /opt/airflow/dags
[2026-03-12T12:25:10.072+0000] {manager.py:741} INFO - There are 1 files in /opt/airflow/dags
[2026-03-12T12:25:19.177+0000] {manager.py:879} INFO - 
================================================================================
DAG File Processing Stats

File Path                           PID    Runtime      # DAGs    # Errors  Last Runtime    Last Run
----------------------------------  -----  ---------  --------  ----------  --------------  -------------------
/opt/airflow/dags/loadtransform.py                           1           0  0.19s           2026-03-12T12:25:08
================================================================================
[2026-03-12T12:25:52.228+0000] {manager.py:879} INFO - 
================================================================================
DAG File Processing Stats

File Path                           PID    Runtime      # DAGs    # Errors  Last Runtime    Last Run
----------------------------------  -----  ---------  --------  ----------  --------------  -------------------
/opt/airflow/dags/loadtransform.py                           1           0  0.19s           2026-03-12T12:25:39
================================================================================
[2026-03-12T12:26:24.642+0000] {manager.py:879} INFO - 
================================================================================
DAG File Processing Stats

File Path                           PID    Runtime      # DAGs    # Errors  Last Runtime    Last Run
----------------------------------  -----  ---------  --------  ----------  --------------  -------------------
/opt/airflow/dags/loadtransform.py                           1           0  0.22s           2026-03-12T12:26:09
================================================================================
[2026-03-12T12:26:57.003+0000] {manager.py:879} INFO - 
================================================================================
DAG File Processing Stats

File Path                           PID    Runtime      # DAGs    # Errors  Last Runtime    Last Run
----------------------------------  -----  ---------  --------  ----------  --------------  -------------------
/opt/airflow/dags/loadtransform.py                           1           0  0.18s           2026-03-12T12:26:39
================================================================================
[2026-03-12T12:27:30.118+0000] {manager.py:879} INFO - 
================================================================================
DAG File Processing Stats

File Path                           PID    Runtime      # DAGs    # Errors  Last Runtime    Last Run
----------------------------------  -----  ---------  --------  ----------  --------------  -------------------
/opt/airflow/dags/loadtransform.py                           1           0  0.18s           2026-03-12T12:27:11
================================================================================
[2026-03-12T12:28:04.114+0000] {manager.py:879} INFO - 
================================================================================
DAG File Processing Stats

File Path                           PID    Runtime      # DAGs    # Errors  Last Runtime    Last Run
----------------------------------  -----  ---------  --------  ----------  --------------  -------------------
/opt/airflow/dags/loadtransform.py                           1           0  0.18s           2026-03-12T12:27:42
================================================================================
[2026-03-12T12:28:35.412+0000] {manager.py:879} INFO - 
================================================================================
DAG File Processing Stats

File Path                           PID    Runtime      # DAGs    # Errors  Last Runtime    Last Run
----------------------------------  -----  ---------  --------  ----------  --------------  -------------------
/opt/airflow/dags/loadtransform.py                           1           0  -1.97s          2026-03-12T12:28:10
================================================================================
[2026-03-12T12:29:08.094+0000] {manager.py:879} INFO - 
================================================================================
DAG File Processing Stats

File Path                           PID    Runtime      # DAGs    # Errors  Last Runtime    Last Run
----------------------------------  -----  ---------  --------  ----------  --------------  -------------------
/opt/airflow/dags/loadtransform.py                           1           0  0.20s           2026-03-12T12:28:40
================================================================================
[2026-03-12T12:29:41.062+0000] {manager.py:879} INFO - 
================================================================================
DAG File Processing Stats

File Path                           PID    Runtime      # DAGs    # Errors  Last Runtime    Last Run
----------------------------------  -----  ---------  --------  ----------  --------------  -------------------
/opt/airflow/dags/loadtransform.py                           1           0  0.18s           2026-03-12T12:29:11
================================================================================
[2026-03-12T12:30:10.061+0000] {manager.py:738} INFO - Searching for files in /opt/airflow/dags
[2026-03-12T12:30:10.110+0000] {manager.py:741} INFO - There are 1 files in /opt/airflow/dags
[2026-03-12T12:30:14.228+0000] {manager.py:879} INFO - 
================================================================================
DAG File Processing Stats

File Path                           PID    Runtime      # DAGs    # Errors  Last Runtime    Last Run
----------------------------------  -----  ---------  --------  ----------  --------------  -------------------
/opt/airflow/dags/loadtransform.py                           1           0  0.19s           2026-03-12T12:30:13
================================================================================
[2026-03-12T12:30:47.377+0000] {manager.py:879} INFO - 
================================================================================
DAG File Processing Stats

File Path                           PID    Runtime      # DAGs    # Errors  Last Runtime    Last Run
----------------------------------  -----  ---------  --------  ----------  --------------  -------------------
/opt/airflow/dags/loadtransform.py                           1           0  0.31s           2026-03-12T12:30:44
================================================================================
[2026-03-12T12:31:20.536+0000] {manager.py:879} INFO - 
================================================================================
DAG File Processing Stats

File Path                           PID    Runtime      # DAGs    # Errors  Last Runtime    Last Run
----------------------------------  -----  ---------  --------  ----------  --------------  -------------------
/opt/airflow/dags/loadtransform.py                           1           0  0.20s           2026-03-12T12:31:15
================================================================================
[2026-03-12T12:31:50.511+0000] {manager.py:879} INFO - 
================================================================================
DAG File Processing Stats

File Path                           PID    Runtime      # DAGs    # Errors  Last Runtime    Last Run
----------------------------------  -----  ---------  --------  ----------  --------------  -------------------
/opt/airflow/dags/loadtransform.py                           1           0  0.27s           2026-03-12T12:31:46
================================================================================
[2026-03-12T12:32:25.027+0000] {manager.py:879} INFO - 
================================================================================
DAG File Processing Stats

File Path                           PID    Runtime      # DAGs    # Errors  Last Runtime    Last Run
----------------------------------  -----  ---------  --------  ----------  --------------  -------------------
/opt/airflow/dags/loadtransform.py                           1           0  0.17s           2026-03-12T12:32:17
================================================================================
[2026-03-12T12:32:56.555+0000] {manager.py:879} INFO - 
================================================================================
DAG File Processing Stats

File Path                           PID    Runtime      # DAGs    # Errors  Last Runtime    Last Run
----------------------------------  -----  ---------  --------  ----------  --------------  -------------------
/opt/airflow/dags/loadtransform.py                           1           0  0.25s           2026-03-12T12:32:47
================================================================================
[2026-03-12T12:33:29.490+0000] {manager.py:879} INFO - 
================================================================================
DAG File Processing Stats

File Path                           PID    Runtime      # DAGs    # Errors  Last Runtime    Last Run
----------------------------------  -----  ---------  --------  ----------  --------------  -------------------
/opt/airflow/dags/loadtransform.py                           1           0  0.27s           2026-03-12T12:33:18
================================================================================
[2026-03-12T12:34:02.491+0000] {manager.py:879} INFO - 
================================================================================
DAG File Processing Stats

File Path                           PID    Runtime      # DAGs    # Errors  Last Runtime    Last Run
----------------------------------  -----  ---------  --------  ----------  --------------  -------------------
/opt/airflow/dags/loadtransform.py                           1           0  0.28s           2026-03-12T12:33:49
================================================================================
[2026-03-12T12:34:35.538+0000] {manager.py:879} INFO - 
================================================================================
DAG File Processing Stats

File Path                           PID    Runtime      # DAGs    # Errors  Last Runtime    Last Run
----------------------------------  -----  ---------  --------  ----------  --------------  -------------------
/opt/airflow/dags/loadtransform.py                           1           0  0.18s           2026-03-12T12:34:20
================================================================================
[2026-03-12T12:35:08.674+0000] {manager.py:879} INFO - 
================================================================================
DAG File Processing Stats

File Path                           PID    Runtime      # DAGs    # Errors  Last Runtime    Last Run
----------------------------------  -----  ---------  --------  ----------  --------------  -------------------
/opt/airflow/dags/loadtransform.py                           1           0  0.17s           2026-03-12T12:34:51
================================================================================
[2026-03-12T12:35:10.689+0000] {manager.py:738} INFO - Searching for files in /opt/airflow/dags
[2026-03-12T12:35:10.743+0000] {manager.py:741} INFO - There are 1 files in /opt/airflow/dags
[2026-03-12T12:35:41.770+0000] {manager.py:879} INFO - 
================================================================================
DAG File Processing Stats

File Path                           PID    Runtime      # DAGs    # Errors  Last Runtime    Last Run
----------------------------------  -----  ---------  --------  ----------  --------------  -------------------
/opt/airflow/dags/loadtransform.py                           1           0  0.17s           2026-03-12T12:35:22
================================================================================
[2026-03-12T12:36:14.881+0000] {manager.py:879} INFO - 
================================================================================
DAG File Processing Stats

File Path                           PID    Runtime      # DAGs    # Errors  Last Runtime    Last Run
----------------------------------  -----  ---------  --------  ----------  --------------  -------------------
/opt/airflow/dags/loadtransform.py                           1           0  0.19s           2026-03-12T12:35:53
================================================================================
[2026-03-12T12:36:47.855+0000] {manager.py:879} INFO - 
================================================================================
DAG File Processing Stats

File Path                           PID    Runtime      # DAGs    # Errors  Last Runtime    Last Run
----------------------------------  -----  ---------  --------  ----------  --------------  -------------------
/opt/airflow/dags/loadtransform.py                           1           0  0.30s           2026-03-12T12:36:24
================================================================================
[2026-03-12T12:37:17.940+0000] {manager.py:879} INFO - 
================================================================================
DAG File Processing Stats

File Path                           PID    Runtime      # DAGs    # Errors  Last Runtime    Last Run
----------------------------------  -----  ---------  --------  ----------  --------------  -------------------
/opt/airflow/dags/loadtransform.py                           1           0  0.21s           2026-03-12T12:36:55
================================================================================
[2026-03-12T12:37:52.237+0000] {manager.py:879} INFO - 
================================================================================
DAG File Processing Stats

File Path                           PID    Runtime      # DAGs    # Errors  Last Runtime    Last Run
----------------------------------  -----  ---------  --------  ----------  --------------  -------------------
/opt/airflow/dags/loadtransform.py                           1           0  0.33s           2026-03-12T12:37:26
================================================================================
[2026-03-12T12:38:21.003+0000] {manager.py:879} INFO - 
================================================================================
DAG File Processing Stats

File Path                           PID    Runtime      # DAGs    # Errors  Last Runtime    Last Run
----------------------------------  -----  ---------  --------  ----------  --------------  -------------------
/opt/airflow/dags/loadtransform.py                           1           0  0.34s           2026-03-12T12:37:56
================================================================================
[2026-03-12T12:38:54.373+0000] {manager.py:879} INFO - 
================================================================================
DAG File Processing Stats

File Path                           PID    Runtime      # DAGs    # Errors  Last Runtime    Last Run
----------------------------------  -----  ---------  --------  ----------  --------------  -------------------
/opt/airflow/dags/loadtransform.py                           1           0  0.22s           2026-03-12T12:38:27
================================================================================
[2026-03-12T12:39:28.892+0000] {manager.py:879} INFO - 
================================================================================
DAG File Processing Stats

File Path                           PID    Runtime      # DAGs    # Errors  Last Runtime    Last Run
----------------------------------  -----  ---------  --------  ----------  --------------  -------------------
/opt/airflow/dags/loadtransform.py                           1           0  0.21s           2026-03-12T12:38:59
================================================================================
[2026-03-12T12:40:01.746+0000] {manager.py:879} INFO - 
================================================================================
DAG File Processing Stats

File Path                             PID  Runtime      # DAGs    # Errors  Last Runtime    Last Run
----------------------------------  -----  ---------  --------  ----------  --------------  -------------------
/opt/airflow/dags/loadtransform.py    857  0.00s             1           0  0.16s           2026-03-12T12:39:30
================================================================================
[2026-03-12T12:40:10.823+0000] {manager.py:738} INFO - Searching for files in /opt/airflow/dags
[2026-03-12T12:40:10.862+0000] {manager.py:741} INFO - There are 1 files in /opt/airflow/dags
[2026-03-12T12:40:34.809+0000] {manager.py:879} INFO - 
================================================================================
DAG File Processing Stats

File Path                             PID  Runtime      # DAGs    # Errors  Last Runtime    Last Run
----------------------------------  -----  ---------  --------  ----------  --------------  -------------------
/opt/airflow/dags/loadtransform.py    862  0.01s             1           0  0.17s           2026-03-12T12:40:01
================================================================================
[2026-03-12T12:41:07.960+0000] {manager.py:879} INFO - 
================================================================================
DAG File Processing Stats

File Path                           PID    Runtime      # DAGs    # Errors  Last Runtime    Last Run
----------------------------------  -----  ---------  --------  ----------  --------------  -------------------
/opt/airflow/dags/loadtransform.py                           1           0  0.20s           2026-03-12T12:41:07
================================================================================
[2026-03-12T12:41:41.048+0000] {manager.py:879} INFO - 
================================================================================
DAG File Processing Stats

File Path                           PID    Runtime      # DAGs    # Errors  Last Runtime    Last Run
----------------------------------  -----  ---------  --------  ----------  --------------  -------------------
/opt/airflow/dags/loadtransform.py                           1           0  0.16s           2026-03-12T12:41:40
================================================================================
[2026-03-12T12:42:13.799+0000] {manager.py:879} INFO - 
================================================================================
DAG File Processing Stats

File Path                           PID    Runtime      # DAGs    # Errors  Last Runtime    Last Run
----------------------------------  -----  ---------  --------  ----------  --------------  -------------------
/opt/airflow/dags/loadtransform.py                           1           0  0.18s           2026-03-12T12:42:12
================================================================================
[2026-03-12T12:42:46.950+0000] {manager.py:879} INFO - 
================================================================================
DAG File Processing Stats

File Path                           PID    Runtime      # DAGs    # Errors  Last Runtime    Last Run
----------------------------------  -----  ---------  --------  ----------  --------------  -------------------
/opt/airflow/dags/loadtransform.py                           1           0  0.19s           2026-03-12T12:42:44
================================================================================
[2026-03-12T12:43:16.900+0000] {manager.py:879} INFO - 
================================================================================
DAG File Processing Stats

File Path                           PID    Runtime      # DAGs    # Errors  Last Runtime    Last Run
----------------------------------  -----  ---------  --------  ----------  --------------  -------------------
/opt/airflow/dags/loadtransform.py                           1           0  0.18s           2026-03-12T12:43:16
================================================================================
[2026-03-12T12:43:52.538+0000] {manager.py:879} INFO - 
================================================================================
DAG File Processing Stats

File Path                           PID    Runtime      # DAGs    # Errors  Last Runtime    Last Run
----------------------------------  -----  ---------  --------  ----------  --------------  -------------------
/opt/airflow/dags/loadtransform.py                           1           0  0.18s           2026-03-12T12:43:46
================================================================================
[2026-03-12T12:44:25.630+0000] {manager.py:879} INFO - 
================================================================================
DAG File Processing Stats

File Path                           PID    Runtime      # DAGs    # Errors  Last Runtime    Last Run
----------------------------------  -----  ---------  --------  ----------  --------------  -------------------
/opt/airflow/dags/loadtransform.py                           1           0  0.16s           2026-03-12T12:44:16
================================================================================
[2026-03-12T12:44:55.702+0000] {manager.py:879} INFO - 
================================================================================
DAG File Processing Stats

File Path                           PID    Runtime      # DAGs    # Errors  Last Runtime    Last Run
----------------------------------  -----  ---------  --------  ----------  --------------  -------------------
/opt/airflow/dags/loadtransform.py                           1           0  0.17s           2026-03-12T12:44:48
================================================================================
[2026-03-12T12:45:10.837+0000] {manager.py:738} INFO - Searching for files in /opt/airflow/dags
[2026-03-12T12:45:10.902+0000] {manager.py:741} INFO - There are 1 files in /opt/airflow/dags
[2026-03-12T12:45:28.822+0000] {manager.py:879} INFO - 
================================================================================
DAG File Processing Stats

File Path                           PID    Runtime      # DAGs    # Errors  Last Runtime    Last Run
----------------------------------  -----  ---------  --------  ----------  --------------  -------------------
/opt/airflow/dags/loadtransform.py                           1           0  0.16s           2026-03-12T12:45:19
================================================================================
[2026-03-12T12:46:04.348+0000] {manager.py:879} INFO - 
================================================================================
DAG File Processing Stats

File Path                           PID    Runtime      # DAGs    # Errors  Last Runtime    Last Run
----------------------------------  -----  ---------  --------  ----------  --------------  -------------------
/opt/airflow/dags/loadtransform.py                           1           0  0.15s           2026-03-12T12:45:50
================================================================================
[2026-03-12T12:46:32.591+0000] {manager.py:879} INFO - 
================================================================================
DAG File Processing Stats

File Path                           PID    Runtime      # DAGs    # Errors  Last Runtime    Last Run
----------------------------------  -----  ---------  --------  ----------  --------------  -------------------
/opt/airflow/dags/loadtransform.py                           1           0  0.20s           2026-03-12T12:46:20
================================================================================
[2026-03-12T12:47:06.102+0000] {manager.py:879} INFO - 
================================================================================
DAG File Processing Stats

File Path                           PID    Runtime      # DAGs    # Errors  Last Runtime    Last Run
----------------------------------  -----  ---------  --------  ----------  --------------  -------------------
/opt/airflow/dags/loadtransform.py                           1           0  0.20s           2026-03-12T12:46:51
================================================================================
[2026-03-12T12:47:37.268+0000] {manager.py:879} INFO - 
================================================================================
DAG File Processing Stats

File Path                           PID    Runtime      # DAGs    # Errors  Last Runtime    Last Run
----------------------------------  -----  ---------  --------  ----------  --------------  -------------------
/opt/airflow/dags/loadtransform.py                           1           0  0.15s           2026-03-12T12:47:21
================================================================================
[2026-03-12T12:48:10.378+0000] {manager.py:879} INFO - 
================================================================================
DAG File Processing Stats

File Path                           PID    Runtime      # DAGs    # Errors  Last Runtime    Last Run
----------------------------------  -----  ---------  --------  ----------  --------------  -------------------
/opt/airflow/dags/loadtransform.py                           1           0  0.15s           2026-03-12T12:47:51
================================================================================
[2026-03-12T12:48:43.073+0000] {manager.py:879} INFO - 
================================================================================
DAG File Processing Stats

File Path                           PID    Runtime      # DAGs    # Errors  Last Runtime    Last Run
----------------------------------  -----  ---------  --------  ----------  --------------  -------------------
/opt/airflow/dags/loadtransform.py                           1           0  0.16s           2026-03-12T12:48:22
================================================================================
[2026-03-12T12:49:16.156+0000] {manager.py:879} INFO - 
================================================================================
DAG File Processing Stats

File Path                           PID    Runtime      # DAGs    # Errors  Last Runtime    Last Run
----------------------------------  -----  ---------  --------  ----------  --------------  -------------------
/opt/airflow/dags/loadtransform.py                           1           0  0.19s           2026-03-12T12:48:53
================================================================================
[2026-03-12T12:49:46.203+0000] {manager.py:879} INFO - 
================================================================================
DAG File Processing Stats

File Path                           PID    Runtime      # DAGs    # Errors  Last Runtime    Last Run
----------------------------------  -----  ---------  --------  ----------  --------------  -------------------
/opt/airflow/dags/loadtransform.py                           1           0  0.17s           2026-03-12T12:49:24
================================================================================
[2026-03-12T12:50:10.968+0000] {manager.py:738} INFO - Searching for files in /opt/airflow/dags
[2026-03-12T12:50:11.005+0000] {manager.py:741} INFO - There are 1 files in /opt/airflow/dags
[2026-03-12T12:50:21.754+0000] {manager.py:879} INFO - 
================================================================================
DAG File Processing Stats

File Path                           PID    Runtime      # DAGs    # Errors  Last Runtime    Last Run
----------------------------------  -----  ---------  --------  ----------  --------------  -------------------
/opt/airflow/dags/loadtransform.py                           1           0  0.15s           2026-03-12T12:49:58
================================================================================
[2026-03-12T12:50:54.820+0000] {manager.py:879} INFO - 
================================================================================
DAG File Processing Stats

File Path                           PID    Runtime      # DAGs    # Errors  Last Runtime    Last Run
----------------------------------  -----  ---------  --------  ----------  --------------  -------------------
/opt/airflow/dags/loadtransform.py                           1           0  0.19s           2026-03-12T12:50:29
================================================================================
[2026-03-12T12:51:28.134+0000] {manager.py:879} INFO - 
================================================================================
DAG File Processing Stats

File Path                           PID    Runtime      # DAGs    # Errors  Last Runtime    Last Run
----------------------------------  -----  ---------  --------  ----------  --------------  -------------------
/opt/airflow/dags/loadtransform.py                           1           0  0.17s           2026-03-12T12:51:00
================================================================================
[2026-03-12T12:52:01.216+0000] {manager.py:879} INFO - 
================================================================================
DAG File Processing Stats

File Path                             PID  Runtime      # DAGs    # Errors  Last Runtime    Last Run
----------------------------------  -----  ---------  --------  ----------  --------------  -------------------
/opt/airflow/dags/loadtransform.py    972  0.01s             1           0  0.19s           2026-03-12T12:51:30
================================================================================
