[2026-03-12T11:37:46.084+0000] {taskinstance.py:1979} INFO - Dependencies all met for dep_context=non-requeueable deps ti=<TaskInstance: dlt_trip_pipeline.run_dlt_pipeline manual__2026-03-12T11:37:44.312413+00:00 [queued]>
[2026-03-12T11:37:46.093+0000] {taskinstance.py:1979} INFO - Dependencies all met for dep_context=requeueable deps ti=<TaskInstance: dlt_trip_pipeline.run_dlt_pipeline manual__2026-03-12T11:37:44.312413+00:00 [queued]>
[2026-03-12T11:37:46.094+0000] {taskinstance.py:2193} INFO - Starting attempt 1 of 2
[2026-03-12T11:37:46.112+0000] {taskinstance.py:2217} INFO - Executing <Task(BashOperator): run_dlt_pipeline> on 2026-03-12 11:37:44.312413+00:00
[2026-03-12T11:37:46.117+0000] {standard_task_runner.py:60} INFO - Started process 243 to run task
[2026-03-12T11:37:46.121+0000] {standard_task_runner.py:87} INFO - Running: ['***', 'tasks', 'run', 'dlt_trip_pipeline', 'run_dlt_pipeline', 'manual__2026-03-12T11:37:44.312413+00:00', '--job-id', '3', '--raw', '--subdir', 'DAGS_FOLDER/loadtransform.py', '--cfg-path', '/tmp/tmphei3b5n1']
[2026-03-12T11:37:46.125+0000] {standard_task_runner.py:88} INFO - Job 3: Subtask run_dlt_pipeline
[2026-03-12T11:37:46.234+0000] {task_command.py:423} INFO - Running <TaskInstance: dlt_trip_pipeline.run_dlt_pipeline manual__2026-03-12T11:37:44.312413+00:00 [running]> on host 8265c842702e
[2026-03-12T11:37:46.333+0000] {taskinstance.py:2513} INFO - Exporting env vars: AIRFLOW_CTX_DAG_OWNER='***' AIRFLOW_CTX_DAG_ID='dlt_trip_pipeline' AIRFLOW_CTX_TASK_ID='run_dlt_pipeline' AIRFLOW_CTX_EXECUTION_DATE='2026-03-12T11:37:44.312413+00:00' AIRFLOW_CTX_TRY_NUMBER='1' AIRFLOW_CTX_DAG_RUN_ID='manual__2026-03-12T11:37:44.312413+00:00'
[2026-03-12T11:37:46.335+0000] {subprocess.py:63} INFO - Tmp dir root location: /tmp
[2026-03-12T11:37:46.337+0000] {subprocess.py:75} INFO - Running command: ['/usr/bin/bash', '-c', 'python C:/Users/admin/Desktop/complete_data_project/trips/load/pipeline.py']
[2026-03-12T11:37:46.346+0000] {subprocess.py:86} INFO - Output:
[2026-03-12T11:37:46.374+0000] {subprocess.py:93} INFO - python: can't open file '/tmp/***tmp2sia5eu5/C:/Users/admin/Desktop/complete_data_project/trips/load/pipeline.py': [Errno 2] No such file or directory
[2026-03-12T11:37:46.376+0000] {subprocess.py:97} INFO - Command exited with return code 2
[2026-03-12T11:37:46.391+0000] {taskinstance.py:2731} ERROR - Task failed with exception
Traceback (most recent call last):
  File "/home/airflow/.local/lib/python3.11/site-packages/airflow/models/taskinstance.py", line 444, in _execute_task
    result = _execute_callable(context=context, **execute_callable_kwargs)
             ^^^^^^^^^^^^^^^^^^^^^^^^^^^^^^^^^^^^^^^^^^^^^^^^^^^^^^^^^^^^^
  File "/home/airflow/.local/lib/python3.11/site-packages/airflow/models/taskinstance.py", line 414, in _execute_callable
    return execute_callable(context=context, **execute_callable_kwargs)
           ^^^^^^^^^^^^^^^^^^^^^^^^^^^^^^^^^^^^^^^^^^^^^^^^^^^^^^^^^^^^
  File "/home/airflow/.local/lib/python3.11/site-packages/airflow/operators/bash.py", line 212, in execute
    raise AirflowException(
airflow.exceptions.AirflowException: Bash command failed. The command returned a non-zero exit code 2.
[2026-03-12T11:37:46.395+0000] {taskinstance.py:1149} INFO - Marking task as UP_FOR_RETRY. dag_id=dlt_trip_pipeline, task_id=run_dlt_pipeline, execution_date=20260312T113744, start_date=20260312T113746, end_date=20260312T113746
[2026-03-12T11:37:46.408+0000] {standard_task_runner.py:107} ERROR - Failed to execute job 3 for task run_dlt_pipeline (Bash command failed. The command returned a non-zero exit code 2.; 243)
[2026-03-12T11:37:46.455+0000] {local_task_job_runner.py:234} INFO - Task exited with return code 1
[2026-03-12T11:37:46.485+0000] {taskinstance.py:3312} INFO - 0 downstream tasks scheduled from follow-on schedule check
