[2026-03-12T11:42:47.680+0000] {taskinstance.py:1979} INFO - Dependencies all met for dep_context=non-requeueable deps ti=<TaskInstance: dlt_trip_pipeline.run_dlt_pipeline manual__2026-03-12T11:37:44.312413+00:00 [queued]>
[2026-03-12T11:42:47.701+0000] {taskinstance.py:1979} INFO - Dependencies all met for dep_context=requeueable deps ti=<TaskInstance: dlt_trip_pipeline.run_dlt_pipeline manual__2026-03-12T11:37:44.312413+00:00 [queued]>
[2026-03-12T11:42:47.703+0000] {taskinstance.py:2193} INFO - Starting attempt 2 of 2
[2026-03-12T11:42:47.751+0000] {taskinstance.py:2217} INFO - Executing <Task(BashOperator): run_dlt_pipeline> on 2026-03-12 11:37:44.312413+00:00
[2026-03-12T11:42:47.762+0000] {standard_task_runner.py:60} INFO - Started process 291 to run task
[2026-03-12T11:42:47.768+0000] {standard_task_runner.py:87} INFO - Running: ['***', 'tasks', 'run', 'dlt_trip_pipeline', 'run_dlt_pipeline', 'manual__2026-03-12T11:37:44.312413+00:00', '--job-id', '4', '--raw', '--subdir', 'DAGS_FOLDER/loadtransform.py', '--cfg-path', '/tmp/tmphrbjtok_']
[2026-03-12T11:42:47.774+0000] {standard_task_runner.py:88} INFO - Job 4: Subtask run_dlt_pipeline
[2026-03-12T11:42:47.914+0000] {task_command.py:423} INFO - Running <TaskInstance: dlt_trip_pipeline.run_dlt_pipeline manual__2026-03-12T11:37:44.312413+00:00 [running]> on host 8265c842702e
[2026-03-12T11:42:48.014+0000] {taskinstance.py:2513} INFO - Exporting env vars: AIRFLOW_CTX_DAG_OWNER='***' AIRFLOW_CTX_DAG_ID='dlt_trip_pipeline' AIRFLOW_CTX_TASK_ID='run_dlt_pipeline' AIRFLOW_CTX_EXECUTION_DATE='2026-03-12T11:37:44.312413+00:00' AIRFLOW_CTX_TRY_NUMBER='2' AIRFLOW_CTX_DAG_RUN_ID='manual__2026-03-12T11:37:44.312413+00:00'
[2026-03-12T11:42:48.016+0000] {subprocess.py:63} INFO - Tmp dir root location: /tmp
[2026-03-12T11:42:48.017+0000] {subprocess.py:75} INFO - Running command: ['/usr/bin/bash', '-c', 'python C:/Users/admin/Desktop/complete_data_project/trips/load/pipeline.py']
[2026-03-12T11:42:48.027+0000] {subprocess.py:86} INFO - Output:
[2026-03-12T11:42:48.050+0000] {subprocess.py:93} INFO - python: can't open file '/tmp/***tmp58myef3g/C:/Users/admin/Desktop/complete_data_project/trips/load/pipeline.py': [Errno 2] No such file or directory
[2026-03-12T11:42:48.052+0000] {subprocess.py:97} INFO - Command exited with return code 2
[2026-03-12T11:42:48.067+0000] {taskinstance.py:2731} ERROR - Task failed with exception
Traceback (most recent call last):
  File "/home/airflow/.local/lib/python3.11/site-packages/airflow/models/taskinstance.py", line 444, in _execute_task
    result = _execute_callable(context=context, **execute_callable_kwargs)
             ^^^^^^^^^^^^^^^^^^^^^^^^^^^^^^^^^^^^^^^^^^^^^^^^^^^^^^^^^^^^^
  File "/home/airflow/.local/lib/python3.11/site-packages/airflow/models/taskinstance.py", line 414, in _execute_callable
    return execute_callable(context=context, **execute_callable_kwargs)
           ^^^^^^^^^^^^^^^^^^^^^^^^^^^^^^^^^^^^^^^^^^^^^^^^^^^^^^^^^^^^
  File "/home/airflow/.local/lib/python3.11/site-packages/airflow/operators/bash.py", line 212, in execute
    raise AirflowException(
airflow.exceptions.AirflowException: Bash command failed. The command returned a non-zero exit code 2.
[2026-03-12T11:42:48.071+0000] {taskinstance.py:1149} INFO - Marking task as FAILED. dag_id=dlt_trip_pipeline, task_id=run_dlt_pipeline, execution_date=20260312T113744, start_date=20260312T114247, end_date=20260312T114248
[2026-03-12T11:42:48.089+0000] {standard_task_runner.py:107} ERROR - Failed to execute job 4 for task run_dlt_pipeline (Bash command failed. The command returned a non-zero exit code 2.; 291)
[2026-03-12T11:42:48.102+0000] {local_task_job_runner.py:234} INFO - Task exited with return code 1
[2026-03-12T11:42:48.132+0000] {taskinstance.py:3312} INFO - 0 downstream tasks scheduled from follow-on schedule check
