[0m06:10:49.891325 [debug] [MainThread]: Sending event: {'category': 'dbt', 'action': 'invocation', 'label': 'start', 'context': [<snowplow_tracker.self_describing_json.SelfDescribingJson object at 0x000001E89FC9C350>, <snowplow_tracker.self_describing_json.SelfDescribingJson object at 0x000001E8A23A99D0>, <snowplow_tracker.self_describing_json.SelfDescribingJson object at 0x000001E8A23A9430>]}


============================== 06:10:49.897868 | 23c191bb-12da-45fd-896d-95fdcb75b35e ==============================
[0m06:10:49.897868 [info ] [MainThread]: Running with dbt=1.11.7
[0m06:10:49.903475 [debug] [MainThread]: running dbt with arguments {'static_parser': 'True', 'no_print': 'None', 'version_check': 'True', 'warn_error_options': 'WarnErrorOptionsV2(error=[], warn=[], silence=[])', 'target_path': 'None', 'printer_width': '80', 'write_json': 'True', 'empty': 'None', 'log_cache_events': 'False', 'introspect': 'True', 'cache_selected_only': 'False', 'log_format': 'default', 'debug': 'False', 'fail_fast': 'False', 'profiles_dir': 'C:\\Users\\admin\\.dbt', 'send_anonymous_usage_stats': 'True', 'quiet': 'False', 'warn_error': 'None', 'partial_parse': 'True', 'invocation_command': 'dbt init', 'use_colors': 'True', 'indirect_selection': 'eager', 'use_experimental_parser': 'False', 'log_path': 'logs'}
[0m06:11:03.210516 [debug] [MainThread]: Starter project path: C:\Users\admin\Desktop\complete_data_project\trips\.venv\Lib\site-packages\dbt\include\starter_project
[0m06:11:03.260140 [info ] [MainThread]: 
Your new dbt project "transform_trips_dataset" was created!

For more information on how to configure the profiles.yml file,
please consult the dbt documentation here:

  https://docs.getdbt.com/docs/configure-your-profile

One more thing:

Need help? Don't hesitate to reach out to us via GitHub issues or on Slack:

  https://community.getdbt.com/

Happy modeling!

[0m06:11:03.260140 [info ] [MainThread]: Setting up your profile.
[0m06:13:13.231284 [info ] [MainThread]: Profile transform_trips_dataset written to C:\Users\admin\.dbt\profiles.yml using target's profile_template.yml and your supplied values. Run 'dbt debug' to validate the connection.
[0m06:13:13.237141 [debug] [MainThread]: Command `dbt init` succeeded at 06:13:13.237141 after 143.74 seconds
[0m06:13:13.237141 [debug] [MainThread]: Sending event: {'category': 'dbt', 'action': 'invocation', 'label': 'end', 'context': [<snowplow_tracker.self_describing_json.SelfDescribingJson object at 0x000001E8B5BE56A0>, <snowplow_tracker.self_describing_json.SelfDescribingJson object at 0x000001E8B5706600>, <snowplow_tracker.self_describing_json.SelfDescribingJson object at 0x000001E8B52992B0>]}
[0m06:13:13.240079 [debug] [MainThread]: Flushing usage events
[0m06:13:14.885870 [debug] [MainThread]: An error was encountered while trying to flush usage events
